log/default/ADCprecision=6/batch_size=1024/cellBit=4/decreasing_lr=200,250/detect=1/grad_scale=8/inference=1/onoffratio=10/seed=117/subArray=128/t=0/target=0.5/type=cifar10/v=0/vari=0/wl_activate=8/wl_error=8/wl_grad=8/wl_weight=8
=================FLAGS==================
type: cifar10
batch_size: 1024
epochs: 1
grad_scale: 8
seed: 117
log_interval: 100
test_interval: 1
logdir: log/default/ADCprecision=6/batch_size=1024/cellBit=4/decreasing_lr=200,250/detect=1/grad_scale=8/inference=1/onoffratio=10/seed=117/subArray=128/t=0/target=0.5/type=cifar10/v=0/vari=0/wl_activate=8/wl_error=8/wl_grad=8/wl_weight=8
decreasing_lr: 200,250
wl_weight: 8
wl_grad: 8
wl_activate: 8
wl_error: 8
inference: 1
onoffratio: 10
cellBit: 4
subArray: 128
ADCprecision: 6
vari: 0
t: 0
v: 0
detect: 1
target: 0.5
========================================
Building CIFAR-10 data loader with 1 workers
Files already downloaded and verified
Files already downloaded and verified
fan_in     27, float_limit 0.333333, quant limit 0.3333333333333333, scale 1.0
fan_in   1152, float_limit 0.051031, quant limit 0.1875, scale 4
fan_in   1152, float_limit 0.051031, quant limit 0.1875, scale 4
fan_in   2304, float_limit 0.036084, quant limit 0.1875, scale 4
fan_in   2304, float_limit 0.036084, quant limit 0.1875, scale 4
fan_in   4608, float_limit 0.025516, quant limit 0.1875, scale 8
fan_in   8192, float_limit 0.019137, quant limit 0.1875, scale 8
fan_in   1024, float_limit 0.054127, quant limit 0.1875, scale 4
Sequential(
  (0): QConv2d(3, 128, kernel_size=(3, 3), stride=(1, 1), padding=(1, 1), bias=False)
  (1): ReLU()
  (2): QConv2d(128, 128, kernel_size=(3, 3), stride=(1, 1), padding=(1, 1), bias=False)
  (3): ReLU()
  (4): MaxPool2d(kernel_size=2, stride=2, padding=0, dilation=1, ceil_mode=False)
  (5): QConv2d(128, 256, kernel_size=(3, 3), stride=(1, 1), padding=(1, 1), bias=False)
  (6): ReLU()
  (7): QConv2d(256, 256, kernel_size=(3, 3), stride=(1, 1), padding=(1, 1), bias=False)
  (8): ReLU()
  (9): MaxPool2d(kernel_size=2, stride=2, padding=0, dilation=1, ceil_mode=False)
  (10): QConv2d(256, 512, kernel_size=(3, 3), stride=(1, 1), padding=(1, 1), bias=False)
  (11): ReLU()
  (12): QConv2d(512, 512, kernel_size=(3, 3), stride=(1, 1), padding=(1, 1), bias=False)
  (13): ReLU()
  (14): MaxPool2d(kernel_size=2, stride=2, padding=0, dilation=1, ceil_mode=False)
)
Sequential(
  (0): QLinear(in_features=8192, out_features=1024, bias=False)
  (1): ReLU(inplace=True)
  (2): QLinear(in_features=1024, out_features=10, bias=False)
)
True
Batch:  0
Batch:  1
Batch:  2
Batch:  3
Batch:  4
Batch:  5
Batch:  6
Batch:  7
Batch:  8
Batch:  9
 --- Hardware Properties --- 
subArray size: 
128
ADC precision: 
6
cell precision: 
4
on/off ratio: 
10
variation: 
0
Test set: Average loss: 1.9460, Accuracy: 5374/10000 (54%)
------------------------------ FloorPlan --------------------------------

Tile and PE size are optimized to maximize memory utilization ( = memory mapped by synapse / total memory on chip)

Desired Conventional Mapped Tile Storage Size: 1024x1024
Desired Conventional PE Storage Size: 512x512
Desired Novel Mapped Tile Storage Size: 9x512x512
User-defined SubArray Size: 128x128

----------------- # of tile used for each layer -----------------
layer1: 1
layer2: 1
layer3: 1
layer4: 1
layer5: 2
layer6: 2
layer7: 16
layer8: 1

----------------- Speed-up of each layer ------------------
layer1: 32
layer2: 8
layer3: 4
layer4: 2
layer5: 2
layer6: 1
layer7: 1
layer8: 8

----------------- Utilization of each layer ------------------
layer1: 0.210938
layer2: 1
layer3: 1
layer4: 1
layer5: 1
layer6: 1
layer7: 1
layer8: 0.15625
Memory Utilization of Whole Chip: 93.4688 % 

---------------------------- FloorPlan Done ------------------------------



-------------------------------------- Hardware Performance --------------------------------------
-------------------- Estimation of Layer 1 ----------------------
layer1's readLatency of Forward is: 1.07634e+10ns
layer1's readDynamicEnergy of Forward is: 1.15324e+11pJ
layer1's readLatency of Activation Gradient is: 0ns
layer1's readDynamicEnergy of Activation Gradient is: 0pJ
layer1's readLatency of Weight Gradient is: 2.20464e+09ns
layer1's readDynamicEnergy of Weight Gradient is: 1.11504e+11pJ
layer1's writeLatency of Weight Update is: 14099.3ns
layer1's writeDynamicEnergy of Weight Update is: 182552pJ
~~~~~~~~~~~~~~~~~~~~~~~~~~~~~~~~~~~~~~~~~~~~~~~~~~~~~~~~~~~
layer1's PEAK readLatency of Forward is: 2.2542e+08ns
layer1's PEAK readDynamicEnergy of Forward is: 3.67426e+10pJ
layer1's PEAK readLatency of Activation Gradient is: 0ns
layer1's PEAK readDynamicEnergy of Activation Gradient is: 0pJ
layer1's PEAK readLatency of Weight Gradient is: 1.23285e+09ns
layer1's PEAK readDynamicEnergy of Weight Gradient is: 8.76581e+10pJ
layer1's PEAK writeLatency of Weight Update is: 0ns
layer1's PEAK writeDynamicEnergy of Weight Update is: 0pJ
~~~~~~~~~~~~~~~~~~~~~~~~~~~~~~~~~~~~~~~~~~~~~~~~~~~~~~~~~~~
layer1's leakagePower is: 5.49339uW
layer1's leakageEnergy is: 1.41906e+09pJ

************************ Breakdown of Latency and Dynamic Energy *************************

----------- ADC (or S/As and precharger for SRAM) readLatency is : 1.29544e+08ns
----------- Accumulation Circuits (subarray level: adders, shiftAdds; PE/Tile/Global level: accumulation units) readLatency is : 2.93418e+07ns
----------- Synaptic Array w/o ADC (Forward + Activate Gradient) readLatency is : 6.65337e+07ns
----------- Buffer buffer latency is: 7.71185e+09ns
----------- Interconnect latency is: 3.82002e+09ns
----------- Weight Gradient Calculation readLatency is : 1.23285e+09ns
----------- Weight Update writeLatency is : 0ns
----------- DRAM data transfer Latency is : 987789ns
~~~~~~~~~~~~~~~~~~~~~~~~~~~~~~~~~~~~~~~~~~~~~~
----------- ADC (or S/As and precharger for SRAM) readDynamicEnergy is : 2.55784e+10pJ
----------- Accumulation Circuits (subarray level: adders, shiftAdds; PE/Tile/Global level: accumulation units) readDynamicEnergy is : 8.58697e+09pJ
----------- Synaptic Array w/o ADC (Forward + Activate Gradient) readDynamicEnergy is : 2.57721e+09pJ
----------- Buffer readDynamicEnergy is: 1.66491e+09pJ
----------- Interconnect readDynamicEnergy is: 7.41915e+10pJ
----------- Weight Gradient Calculation readDynamicEnergy is : 8.76581e+10pJ
----------- Weight Update writeDynamicEnergy is : 0pJ
----------- DRAM data transfer Energy is : 5.85562e+10pJ

************************ Breakdown of Latency and Dynamic Energy *************************

-------------------- Estimation of Layer 2 ----------------------
layer2's readLatency of Forward is: 2.42703e+10ns
layer2's readDynamicEnergy of Forward is: 7.53886e+11pJ
layer2's readLatency of Activation Gradient is: 2.44005e+10ns
layer2's readDynamicEnergy of Activation Gradient is: 7.57706e+11pJ
layer2's readLatency of Weight Gradient is: 1.23849e+10ns
layer2's readDynamicEnergy of Weight Gradient is: 3.80745e+12pJ
layer2's writeLatency of Weight Update is: 628542ns
layer2's writeDynamicEnergy of Weight Update is: 1.51782e+07pJ
~~~~~~~~~~~~~~~~~~~~~~~~~~~~~~~~~~~~~~~~~~~~~~~~~~~~~~~~~~~
layer2's PEAK readLatency of Forward is: 2.59438e+09ns
layer2's PEAK readDynamicEnergy of Forward is: 3.26245e+11pJ
layer2's PEAK readLatency of Activation Gradient is: 2.72457e+09ns
layer2's PEAK readDynamicEnergy of Activation Gradient is: 3.30065e+11pJ
layer2's PEAK readLatency of Weight Gradient is: 9.61942e+09ns
layer2's PEAK readDynamicEnergy of Weight Gradient is: 2.939e+12pJ
layer2's PEAK writeLatency of Weight Update is: 0ns
layer2's PEAK writeDynamicEnergy of Weight Update is: 12543.6pJ
~~~~~~~~~~~~~~~~~~~~~~~~~~~~~~~~~~~~~~~~~~~~~~~~~~~~~~~~~~~
layer2's leakagePower is: 24.1367uW
layer2's leakageEnergy is: 2.8194e+10pJ

************************ Breakdown of Latency and Dynamic Energy *************************

----------- ADC (or S/As and precharger for SRAM) readLatency is : 1.07177e+09ns
----------- Accumulation Circuits (subarray level: adders, shiftAdds; PE/Tile/Global level: accumulation units) readLatency is : 3.67438e+09ns
----------- Synaptic Array w/o ADC (Forward + Activate Gradient) readLatency is : 5.72793e+08ns
----------- Buffer buffer latency is: 1.87811e+10ns
----------- Interconnect latency is: 2.83272e+10ns
----------- Weight Gradient Calculation readLatency is : 9.61942e+09ns
----------- Weight Update writeLatency is : 0ns
----------- DRAM data transfer Latency is : 1.55217e+07ns
~~~~~~~~~~~~~~~~~~~~~~~~~~~~~~~~~~~~~~~~~~~~~~
----------- ADC (or S/As and precharger for SRAM) readDynamicEnergy is : 4.28153e+11pJ
----------- Accumulation Circuits (subarray level: adders, shiftAdds; PE/Tile/Global level: accumulation units) readDynamicEnergy is : 1.89591e+11pJ
----------- Synaptic Array w/o ADC (Forward + Activate Gradient) readDynamicEnergy is : 3.85666e+10pJ
----------- Buffer readDynamicEnergy is: 8.76584e+09pJ
----------- Interconnect readDynamicEnergy is: 8.45776e+11pJ
----------- Weight Gradient Calculation readDynamicEnergy is : 2.939e+12pJ
----------- Weight Update writeDynamicEnergy is : 12543.6pJ
----------- DRAM data transfer Energy is : 9.20125e+11pJ

************************ Breakdown of Latency and Dynamic Energy *************************

-------------------- Estimation of Layer 3 ----------------------
layer3's readLatency of Forward is: 7.51254e+09ns
layer3's readDynamicEnergy of Forward is: 2.77307e+11pJ
layer3's readLatency of Activation Gradient is: 7.56929e+09ns
layer3's readDynamicEnergy of Activation Gradient is: 2.7741e+11pJ
layer3's readLatency of Weight Gradient is: 7.62947e+09ns
layer3's readDynamicEnergy of Weight Gradient is: 3.08338e+12pJ
layer3's writeLatency of Weight Update is: 1.25711e+06ns
layer3's writeDynamicEnergy of Weight Update is: 3.0256e+07pJ
~~~~~~~~~~~~~~~~~~~~~~~~~~~~~~~~~~~~~~~~~~~~~~~~~~~~~~~~~~~
layer3's PEAK readLatency of Forward is: 7.54806e+08ns
layer3's PEAK readDynamicEnergy of Forward is: 1.39651e+11pJ
layer3's PEAK readLatency of Activation Gradient is: 8.11565e+08ns
layer3's PEAK readDynamicEnergy of Activation Gradient is: 1.39753e+11pJ
layer3's PEAK readLatency of Weight Gradient is: 6.4232e+09ns
layer3's PEAK readDynamicEnergy of Weight Gradient is: 1.35385e+12pJ
layer3's PEAK writeLatency of Weight Update is: 0ns
layer3's PEAK writeDynamicEnergy of Weight Update is: 25087.2pJ
~~~~~~~~~~~~~~~~~~~~~~~~~~~~~~~~~~~~~~~~~~~~~~~~~~~~~~~~~~~
layer3's leakagePower is: 24.1367uW
layer3's leakageEnergy is: 8.7366e+09pJ

************************ Breakdown of Latency and Dynamic Energy *************************

----------- ADC (or S/As and precharger for SRAM) readLatency is : 4.65627e+08ns
----------- Accumulation Circuits (subarray level: adders, shiftAdds; PE/Tile/Global level: accumulation units) readLatency is : 8.51319e+08ns
----------- Synaptic Array w/o ADC (Forward + Activate Gradient) readLatency is : 2.49426e+08ns
----------- Buffer buffer latency is: 7.2121e+09ns
----------- Interconnect latency is: 9.49187e+09ns
----------- Weight Gradient Calculation readLatency is : 6.4232e+09ns
----------- Weight Update writeLatency is : 0ns
----------- DRAM data transfer Latency is : 2.93457e+07ns
~~~~~~~~~~~~~~~~~~~~~~~~~~~~~~~~~~~~~~~~~~~~~~
----------- ADC (or S/As and precharger for SRAM) readDynamicEnergy is : 1.87336e+11pJ
----------- Accumulation Circuits (subarray level: adders, shiftAdds; PE/Tile/Global level: accumulation units) readDynamicEnergy is : 7.49496e+10pJ
----------- Synaptic Array w/o ADC (Forward + Activate Gradient) readDynamicEnergy is : 1.71185e+10pJ
----------- Buffer readDynamicEnergy is: 7.91837e+09pJ
----------- Interconnect readDynamicEnergy is: 2.75326e+11pJ
----------- Weight Gradient Calculation readDynamicEnergy is : 1.35385e+12pJ
----------- Weight Update writeDynamicEnergy is : 25087.2pJ
----------- DRAM data transfer Energy is : 1.73961e+12pJ

************************ Breakdown of Latency and Dynamic Energy *************************

-------------------- Estimation of Layer 4 ----------------------
layer4's readLatency of Forward is: 1.07975e+10ns
layer4's readDynamicEnergy of Forward is: 4.60069e+11pJ
layer4's readLatency of Activation Gradient is: 1.09174e+10ns
layer4's readDynamicEnergy of Activation Gradient is: 4.64403e+11pJ
layer4's readLatency of Weight Gradient is: 8.22269e+09ns
layer4's readDynamicEnergy of Weight Gradient is: 5.8516e+12pJ
layer4's writeLatency of Weight Update is: 2.51432e+06ns
layer4's writeDynamicEnergy of Weight Update is: 6.04116e+07pJ
~~~~~~~~~~~~~~~~~~~~~~~~~~~~~~~~~~~~~~~~~~~~~~~~~~~~~~~~~~~
layer4's PEAK readLatency of Forward is: 1.16892e+09ns
layer4's PEAK readDynamicEnergy of Forward is: 2.7313e+11pJ
layer4's PEAK readLatency of Activation Gradient is: 1.2889e+09ns
layer4's PEAK readDynamicEnergy of Activation Gradient is: 2.77464e+11pJ
layer4's PEAK readLatency of Weight Gradient is: 6.41935e+09ns
layer4's PEAK readDynamicEnergy of Weight Gradient is: 2.39359e+12pJ
layer4's PEAK writeLatency of Weight Update is: 0ns
layer4's PEAK writeDynamicEnergy of Weight Update is: 50174.3pJ
~~~~~~~~~~~~~~~~~~~~~~~~~~~~~~~~~~~~~~~~~~~~~~~~~~~~~~~~~~~
layer4's leakagePower is: 24.8686uW
layer4's leakageEnergy is: 1.29605e+10pJ

************************ Breakdown of Latency and Dynamic Energy *************************

----------- ADC (or S/As and precharger for SRAM) readLatency is : 9.34407e+08ns
----------- Accumulation Circuits (subarray level: adders, shiftAdds; PE/Tile/Global level: accumulation units) readLatency is : 1.03103e+09ns
----------- Synaptic Array w/o ADC (Forward + Activate Gradient) readLatency is : 4.92387e+08ns
----------- Buffer buffer latency is: 1.19625e+10ns
----------- Interconnect latency is: 1.30626e+10ns
----------- Weight Gradient Calculation readLatency is : 6.41935e+09ns
----------- Weight Update writeLatency is : 0ns
----------- DRAM data transfer Latency is : 5.84488e+07ns
~~~~~~~~~~~~~~~~~~~~~~~~~~~~~~~~~~~~~~~~~~~~~~
----------- ADC (or S/As and precharger for SRAM) readDynamicEnergy is : 3.71192e+11pJ
----------- Accumulation Circuits (subarray level: adders, shiftAdds; PE/Tile/Global level: accumulation units) readDynamicEnergy is : 1.46059e+11pJ
----------- Synaptic Array w/o ADC (Forward + Activate Gradient) readDynamicEnergy is : 3.33423e+10pJ
----------- Buffer readDynamicEnergy is: 1.23097e+10pJ
----------- Interconnect readDynamicEnergy is: 3.78779e+11pJ
----------- Weight Gradient Calculation readDynamicEnergy is : 2.39359e+12pJ
----------- Weight Update writeDynamicEnergy is : 50174.3pJ
----------- DRAM data transfer Energy is : 3.46485e+12pJ

************************ Breakdown of Latency and Dynamic Energy *************************

-------------------- Estimation of Layer 5 ----------------------
layer5's readLatency of Forward is: 1.70655e+09ns
layer5's readDynamicEnergy of Forward is: 1.62324e+11pJ
layer5's readLatency of Activation Gradient is: 1.7274e+09ns
layer5's readDynamicEnergy of Activation Gradient is: 1.64357e+11pJ
layer5's readLatency of Weight Gradient is: 7.01338e+09ns
layer5's readDynamicEnergy of Weight Gradient is: 7.71861e+12pJ
layer5's writeLatency of Weight Update is: 5.02864e+06ns
layer5's writeDynamicEnergy of Weight Update is: 1.20823e+08pJ
~~~~~~~~~~~~~~~~~~~~~~~~~~~~~~~~~~~~~~~~~~~~~~~~~~~~~~~~~~~
layer5's PEAK readLatency of Forward is: 2.15699e+08ns
layer5's PEAK readDynamicEnergy of Forward is: 9.9427e+10pJ
layer5's PEAK readLatency of Activation Gradient is: 2.36555e+08ns
layer5's PEAK readDynamicEnergy of Activation Gradient is: 1.0146e+11pJ
layer5's PEAK readLatency of Weight Gradient is: 5.50313e+09ns
layer5's PEAK readDynamicEnergy of Weight Gradient is: 8.04775e+11pJ
layer5's PEAK writeLatency of Weight Update is: 0ns
layer5's PEAK writeDynamicEnergy of Weight Update is: 100349pJ
~~~~~~~~~~~~~~~~~~~~~~~~~~~~~~~~~~~~~~~~~~~~~~~~~~~~~~~~~~~
layer5's leakagePower is: 49.7372uW
layer5's leakageEnergy is: 1.96414e+09pJ

************************ Breakdown of Latency and Dynamic Energy *************************

----------- ADC (or S/As and precharger for SRAM) readLatency is : 1.71261e+08ns
----------- Accumulation Circuits (subarray level: adders, shiftAdds; PE/Tile/Global level: accumulation units) readLatency is : 1.89372e+08ns
----------- Synaptic Array w/o ADC (Forward + Activate Gradient) readLatency is : 9.16197e+07ns
----------- Buffer buffer latency is: 6.09506e+09ns
----------- Interconnect latency is: 2.30337e+09ns
----------- Weight Gradient Calculation readLatency is : 5.50313e+09ns
----------- Weight Update writeLatency is : 0ns
----------- DRAM data transfer Latency is : 1.16473e+08ns
~~~~~~~~~~~~~~~~~~~~~~~~~~~~~~~~~~~~~~~~~~~~~~
----------- ADC (or S/As and precharger for SRAM) readDynamicEnergy is : 1.35077e+11pJ
----------- Accumulation Circuits (subarray level: adders, shiftAdds; PE/Tile/Global level: accumulation units) readDynamicEnergy is : 5.36544e+10pJ
----------- Synaptic Array w/o ADC (Forward + Activate Gradient) readDynamicEnergy is : 1.21559e+10pJ
----------- Buffer readDynamicEnergy is: 1.91524e+10pJ
----------- Interconnect readDynamicEnergy is: 1.43061e+11pJ
----------- Weight Gradient Calculation readDynamicEnergy is : 8.04775e+11pJ
----------- Weight Update writeDynamicEnergy is : 100349pJ
----------- DRAM data transfer Energy is : 6.90454e+12pJ

************************ Breakdown of Latency and Dynamic Energy *************************

-------------------- Estimation of Layer 6 ----------------------
layer6's readLatency of Forward is: 2.69786e+09ns
layer6's readDynamicEnergy of Forward is: 2.87884e+11pJ
layer6's readLatency of Activation Gradient is: 2.74189e+09ns
layer6's readDynamicEnergy of Activation Gradient is: 2.92843e+11pJ
layer6's readLatency of Weight Gradient is: 8.40758e+09ns
layer6's readDynamicEnergy of Weight Gradient is: 1.53837e+13pJ
layer6's writeLatency of Weight Update is: 1.00581e+07ns
layer6's writeDynamicEnergy of Weight Update is: 2.41446e+08pJ
~~~~~~~~~~~~~~~~~~~~~~~~~~~~~~~~~~~~~~~~~~~~~~~~~~~~~~~~~~~
layer6's PEAK readLatency of Forward is: 3.7583e+08ns
layer6's PEAK readDynamicEnergy of Forward is: 1.96023e+11pJ
layer6's PEAK readLatency of Activation Gradient is: 4.19857e+08ns
layer6's PEAK readDynamicEnergy of Activation Gradient is: 2.00981e+11pJ
layer6's PEAK readLatency of Weight Gradient is: 5.50346e+09ns
layer6's PEAK readDynamicEnergy of Weight Gradient is: 1.55633e+12pJ
layer6's PEAK writeLatency of Weight Update is: 0ns
layer6's PEAK writeDynamicEnergy of Weight Update is: 200697pJ
~~~~~~~~~~~~~~~~~~~~~~~~~~~~~~~~~~~~~~~~~~~~~~~~~~~~~~~~~~~
layer6's leakagePower is: 52.7511uW
layer6's leakageEnergy is: 3.29995e+09pJ

************************ Breakdown of Latency and Dynamic Energy *************************

----------- ADC (or S/As and precharger for SRAM) readLatency is : 3.43449e+08ns
----------- Accumulation Circuits (subarray level: adders, shiftAdds; PE/Tile/Global level: accumulation units) readLatency is : 2.71314e+08ns
----------- Synaptic Array w/o ADC (Forward + Activate Gradient) readLatency is : 1.80924e+08ns
----------- Buffer buffer latency is: 1.17461e+10ns
----------- Interconnect latency is: 3.61569e+09ns
----------- Weight Gradient Calculation readLatency is : 5.50346e+09ns
----------- Weight Update writeLatency is : 0ns
----------- DRAM data transfer Latency is : 2.32886e+08ns
~~~~~~~~~~~~~~~~~~~~~~~~~~~~~~~~~~~~~~~~~~~~~~
----------- ADC (or S/As and precharger for SRAM) readDynamicEnergy is : 2.66909e+11pJ
----------- Accumulation Circuits (subarray level: adders, shiftAdds; PE/Tile/Global level: accumulation units) readDynamicEnergy is : 1.0598e+11pJ
----------- Synaptic Array w/o ADC (Forward + Activate Gradient) readDynamicEnergy is : 2.41143e+10pJ
----------- Buffer readDynamicEnergy is: 3.38736e+10pJ
----------- Interconnect readDynamicEnergy is: 2.22999e+11pJ
----------- Weight Gradient Calculation readDynamicEnergy is : 1.55633e+12pJ
----------- Weight Update writeDynamicEnergy is : 200697pJ
----------- DRAM data transfer Energy is : 1.38055e+13pJ

************************ Breakdown of Latency and Dynamic Energy *************************

-------------------- Estimation of Layer 7 ----------------------
layer7's readLatency of Forward is: 8.61445e+08ns
layer7's readDynamicEnergy of Forward is: 5.32418e+10pJ
layer7's readLatency of Activation Gradient is: 8.62587e+08ns
layer7's readDynamicEnergy of Activation Gradient is: 5.37123e+10pJ
layer7's readLatency of Weight Gradient is: 9.57589e+09ns
layer7's readDynamicEnergy of Weight Gradient is: 4.93819e+13pJ
layer7's writeLatency of Weight Update is: 3.42255e+07ns
layer7's writeDynamicEnergy of Weight Update is: 4.43815e+08pJ
~~~~~~~~~~~~~~~~~~~~~~~~~~~~~~~~~~~~~~~~~~~~~~~~~~~~~~~~~~~
layer7's PEAK readLatency of Forward is: 7.9715e+08ns
layer7's PEAK readDynamicEnergy of Forward is: 3.39171e+10pJ
layer7's PEAK readLatency of Activation Gradient is: 7.98292e+08ns
layer7's PEAK readDynamicEnergy of Activation Gradient is: 3.43876e+10pJ
layer7's PEAK readLatency of Weight Gradient is: 1.33956e+07ns
layer7's PEAK readDynamicEnergy of Weight Gradient is: 2.19204e+11pJ
layer7's PEAK writeLatency of Weight Update is: 0ns
layer7's PEAK writeDynamicEnergy of Weight Update is: 713590pJ
~~~~~~~~~~~~~~~~~~~~~~~~~~~~~~~~~~~~~~~~~~~~~~~~~~~~~~~~~~~
layer7's leakagePower is: 178.485uW
layer7's leakageEnergy is: 1.73089e+08pJ

************************ Breakdown of Latency and Dynamic Energy *************************

----------- ADC (or S/As and precharger for SRAM) readLatency is : 9.56215e+06ns
----------- Accumulation Circuits (subarray level: adders, shiftAdds; PE/Tile/Global level: accumulation units) readLatency is : 1.58077e+09ns
----------- Synaptic Array w/o ADC (Forward + Activate Gradient) readLatency is : 5.10665e+06ns
----------- Buffer buffer latency is: 1.19855e+10ns
----------- Interconnect latency is: 3.00305e+08ns
----------- Weight Gradient Calculation readLatency is : 1.33956e+07ns
----------- Weight Update writeLatency is : 0ns
----------- DRAM data transfer Latency is : 8.27824e+08ns
~~~~~~~~~~~~~~~~~~~~~~~~~~~~~~~~~~~~~~~~~~~~~~
----------- ADC (or S/As and precharger for SRAM) readDynamicEnergy is : 2.64366e+10pJ
----------- Accumulation Circuits (subarray level: adders, shiftAdds; PE/Tile/Global level: accumulation units) readDynamicEnergy is : 3.94833e+10pJ
----------- Synaptic Array w/o ADC (Forward + Activate Gradient) readDynamicEnergy is : 2.38478e+09pJ
----------- Buffer readDynamicEnergy is: 1.14727e+11pJ
----------- Interconnect readDynamicEnergy is: 1.01913e+11pJ
----------- Weight Gradient Calculation readDynamicEnergy is : 2.19204e+11pJ
----------- Weight Update writeDynamicEnergy is : 713590pJ
----------- DRAM data transfer Energy is : 4.90734e+13pJ

************************ Breakdown of Latency and Dynamic Energy *************************

-------------------- Estimation of Layer 8 ----------------------
layer8's readLatency of Forward is: 4.78274e+07ns
layer8's readDynamicEnergy of Forward is: 7.23856e+08pJ
layer8's readLatency of Activation Gradient is: 4.79639e+07ns
layer8's readDynamicEnergy of Activation Gradient is: 7.29722e+08pJ
layer8's readLatency of Weight Gradient is: 2.09712e+07ns
layer8's readDynamicEnergy of Weight Gradient is: 6.02488e+10pJ
layer8's writeLatency of Weight Update is: 41775.6ns
layer8's writeDynamicEnergy of Weight Update is: 546470pJ
~~~~~~~~~~~~~~~~~~~~~~~~~~~~~~~~~~~~~~~~~~~~~~~~~~~~~~~~~~~
layer8's PEAK readLatency of Forward is: 1.50387e+06ns
layer8's PEAK readDynamicEnergy of Forward is: 9.31678e+07pJ
layer8's PEAK readLatency of Activation Gradient is: 1.64038e+06ns
layer8's PEAK readDynamicEnergy of Activation Gradient is: 9.90339e+07pJ
layer8's PEAK readLatency of Weight Gradient is: 2.13092e+06ns
layer8's PEAK readDynamicEnergy of Weight Gradient is: 2.29629e+08pJ
layer8's PEAK writeLatency of Weight Update is: 0ns
layer8's PEAK writeDynamicEnergy of Weight Update is: 5574.93pJ
~~~~~~~~~~~~~~~~~~~~~~~~~~~~~~~~~~~~~~~~~~~~~~~~~~~~~~~~~~~
layer8's leakagePower is: 11.1553uW
layer8's leakageEnergy is: 2.5646e+07pJ

************************ Breakdown of Latency and Dynamic Energy *************************

----------- ADC (or S/As and precharger for SRAM) readLatency is : 1.15057e+06ns
----------- Accumulation Circuits (subarray level: adders, shiftAdds; PE/Tile/Global level: accumulation units) readLatency is : 1.34909e+06ns
----------- Synaptic Array w/o ADC (Forward + Activate Gradient) readLatency is : 644581ns
----------- Buffer buffer latency is: 1.19896e+08ns
----------- Interconnect latency is: 5.74215e+07ns
----------- Weight Gradient Calculation readLatency is : 2.13092e+06ns
----------- Weight Update writeLatency is : 0ns
----------- DRAM data transfer Latency is : 1.01147e+06ns
~~~~~~~~~~~~~~~~~~~~~~~~~~~~~~~~~~~~~~~~~~~~~~
----------- ADC (or S/As and precharger for SRAM) readDynamicEnergy is : 8.32019e+07pJ
----------- Accumulation Circuits (subarray level: adders, shiftAdds; PE/Tile/Global level: accumulation units) readDynamicEnergy is : 9.06637e+07pJ
----------- Synaptic Array w/o ADC (Forward + Activate Gradient) readDynamicEnergy is : 1.83361e+07pJ
----------- Buffer readDynamicEnergy is: 3.26558e+08pJ
----------- Interconnect readDynamicEnergy is: 1.14876e+09pJ
----------- Weight Gradient Calculation readDynamicEnergy is : 2.29629e+08pJ
----------- Weight Update writeDynamicEnergy is : 5574.93pJ
----------- DRAM data transfer Energy is : 5.99602e+10pJ

************************ Breakdown of Latency and Dynamic Energy *************************

------------------------------ Summary --------------------------------

ChipArea : 1.53632e+08um^2
Chip total CIM (Forward+Activation Gradient) array : 579821um^2
Total IC Area on chip (Global and Tile/PE local): 2.56408e+07um^2
Total ADC (or S/As and precharger for SRAM) Area on chip : 8.57996e+07um^2
Total Accumulation Circuits (subarray level: adders, shiftAdds; PE/Tile/Global level: accumulation units) on chip : 1.9617e+07um^2
Other Peripheries (e.g. decoders, mux, switchmatrix, buffers, pooling and activation units) : 1.19747e+07um^2
Weight Gradient Calculation : 1.00204e+07um^2

-----------------------------------Chip layer-by-layer Estimation---------------------------------
Chip readLatency of Forward (per epoch) is: 5.86574e+10ns
Chip readDynamicEnergy of Forward (per epoch) is: 2.11076e+12pJ
Chip readLatency of Activation Gradient (per epoch) is: 4.82671e+10ns
Chip readDynamicEnergy of Activation Gradient (per epoch) is: 2.01116e+12pJ
Chip readLatency of Weight Gradient (per epoch) is: 5.54596e+10ns
Chip readDynamicEnergy of Weight Gradient (per epoch) is: 8.53984e+13pJ
Chip writeLatency of Weight Update (per epoch) is: 5.37681e+07ns
Chip writeDynamicEnergy of Weight Update (per epoch) is: 9.12659e+08pJ
~~~~~~~~~~~~~~~~~~~~~~~~~~~~~~~~~~~~~~~~~~~~~~~~~~~~
Chip total Latency (per epoch) is: 1.62438e+11ns
Chip total Energy (per epoch) is: 8.95213e+13pJ
~~~~~~~~~~~~~~~~~~~~~~~~~~~~~~~~~~~~~~~~~~~~~~~~~~~~
Chip PEAK readLatency of Forward (per epoch) is: 6.13371e+09ns
Chip PEAK readDynamicEnergy of Forward (per epoch) is: 1.10523e+12pJ
Chip PEAK readLatency of Activation Gradient (per epoch) is: 6.28138e+09ns
Chip PEAK readDynamicEnergy of Activation Gradient (per epoch) is: 1.08421e+12pJ
Chip PEAK readLatency of Weight Gradient (per epoch) is: 3.47169e+10ns
Chip PEAK readDynamicEnergy of Weight Gradient (per epoch) is: 9.35463e+12pJ
Chip PEAK writeLatency of Weight Update (per epoch) is: 0ns
Chip PEAK writeDynamicEnergy of Weight Update (per epoch) is: 1.10802e+06pJ
~~~~~~~~~~~~~~~~~~~~~~~~~~~~~~~~~~~~~~~~~~~~~~~~~~~~
Chip PEAK total Latency (per epoch) is: 4.7132e+10ns
Chip PEAK total Energy (per epoch) is: 1.15441e+13pJ
~~~~~~~~~~~~~~~~~~~~~~~~~~~~~~~~~~~~~~~~~~~~~~~~~~~~
Chip leakage Energy is: 5.6773e+10pJ
Chip leakage Power is: 370.764uW

************************ Breakdown of Latency and Dynamic Energy *************************

----------- ADC (or S/As and precharger for SRAM) readLatency is : 3.12677e+09ns
----------- Accumulation Circuits (subarray level: adders, shiftAdds; PE/Tile/Global level: accumulation units) readLatency is : 7.62888e+09ns
----------- Synaptic Array w/o ADC (Forward + Activate Gradient) readLatency is : 1.65943e+09ns
----------- Buffer readLatency is: 7.56142e+10ns
----------- Interconnect readLatency is: 6.09784e+10ns
----------- Weight Gradient Calculation readLatency is : 3.47169e+10ns
----------- Weight Update writeLatency is : 0ns
----------- DRAM data transfer Latency is : 1.2825e+09ns
~~~~~~~~~~~~~~~~~~~~~~~~~~~~~~~~~~~~~~~~~~~~~~
----------- ADC (or S/As and precharger for SRAM) readDynamicEnergy is : 1.44076e+12pJ
----------- Accumulation Circuits (subarray level: adders, shiftAdds; PE/Tile/Global level: accumulation units) readDynamicEnergy is : 6.18395e+11pJ
----------- Synaptic Array w/o ADC (Forward + Activate Gradient) readDynamicEnergy is : 1.30278e+11pJ
----------- Buffer readDynamicEnergy is: 1.98738e+11pJ
----------- Interconnect readDynamicEnergy is: 2.04319e+12pJ
----------- Weight Gradient Calculation readDynamicEnergy is : 9.35463e+12pJ
----------- Weight Update writeDynamicEnergy is : 1.10802e+06pJ
----------- DRAM data transfer DynamicEnergy is : 7.60265e+13pJ

************************ Breakdown of Latency and Dynamic Energy *************************


-----------------------------------Chip layer-by-layer Performance---------------------------------
Energy Efficiency TOPS/W: 2.05878
Throughput TOPS: 1.13534
Throughput FPS: 0.00615621
--------------------------------------------------------------------------
Peak Energy Efficiency TOPS/W: 15.9754
Peak Throughput TOPS: 3.91287
Peak Throughput FPS: 0.021217
-------------------------------------- Hardware Performance Done --------------------------------------

------------------------------ Simulation Performance --------------------------------
Total Run-time of NeuroSim: 744 seconds
------------------------------ Simulation Performance --------------------------------